Using pre-set license
Built from '2021.3/staging' branch; Version is '2021.3.6f1 (7da38d85baf6) revision 8233869'; Using compiler version '192829333'; Build Type 'Release'
OS: 'Windows 11  (10.0.22000) 64bit Professional' Language: 'ko' Physical Memory: 32175 MB
BatchMode: 1, IsHumanControllingUs: 0, StartBugReporterOnCrash: 0, Is64bit: 1, IsPro: 1

COMMAND LINE ARGUMENTS:
C:\Program Files\Unity\Hub\Editor\2021.3.6f1\Editor\Unity.exe
-adb2
-batchMode
-noUpm
-name
AssetImportWorker0
-projectPath
E:/unityclass/Class01
-logFile
Logs/AssetImportWorker0.log
-srvPort
65403
Successfully changed project path to: E:/unityclass/Class01
E:/unityclass/Class01
[UnityMemory] Configuration Parameters - Can be set up in boot.config
    "memorysetup-bucket-allocator-granularity=16"
    "memorysetup-bucket-allocator-bucket-count=8"
    "memorysetup-bucket-allocator-block-size=33554432"
    "memorysetup-bucket-allocator-block-count=8"
    "memorysetup-main-allocator-block-size=16777216"
    "memorysetup-thread-allocator-block-size=16777216"
    "memorysetup-gfx-main-allocator-block-size=16777216"
    "memorysetup-gfx-thread-allocator-block-size=16777216"
    "memorysetup-cache-allocator-block-size=4194304"
    "memorysetup-typetree-allocator-block-size=2097152"
    "memorysetup-profiler-bucket-allocator-granularity=16"
    "memorysetup-profiler-bucket-allocator-bucket-count=8"
    "memorysetup-profiler-bucket-allocator-block-size=33554432"
    "memorysetup-profiler-bucket-allocator-block-count=8"
    "memorysetup-profiler-allocator-block-size=16777216"
    "memorysetup-profiler-editor-allocator-block-size=1048576"
    "memorysetup-temp-allocator-size-main=16777216"
    "memorysetup-job-temp-allocator-block-size=2097152"
    "memorysetup-job-temp-allocator-block-size-background=1048576"
    "memorysetup-job-temp-allocator-reduction-small-platforms=262144"
    "memorysetup-temp-allocator-size-background-worker=32768"
    "memorysetup-temp-allocator-size-job-worker=262144"
    "memorysetup-temp-allocator-size-preload-manager=33554432"
    "memorysetup-temp-allocator-size-nav-mesh-worker=65536"
    "memorysetup-temp-allocator-size-audio-worker=65536"
    "memorysetup-temp-allocator-size-cloud-worker=32768"
    "memorysetup-temp-allocator-size-gi-baking-worker=262144"
    "memorysetup-temp-allocator-size-gfx=262144"
Refreshing native plugins compatible for Editor in 45.30 ms, found 3 plugins.
Preloading 0 native plugins for Editor in 0.00 ms.
Initialize engine version: 2021.3.6f1 (7da38d85baf6)
[Subsystems] Discovering subsystems at path C:/Program Files/Unity/Hub/Editor/2021.3.6f1/Editor/Data/Resources/UnitySubsystems
[Subsystems] Discovering subsystems at path E:/unityclass/Class01/Assets
GfxDevice: creating device client; threaded=0; jobified=0
Direct3D:
    Version:  Direct3D 11.0 [level 11.1]
    Renderer: NVIDIA GeForce GTX 1650 Ti (ID=0x1f95)
    Vendor:   NVIDIA
    VRAM:     3962 MB
    Driver:   30.0.15.1278
Initialize mono
Mono path[0] = 'C:/Program Files/Unity/Hub/Editor/2021.3.6f1/Editor/Data/Managed'
Mono path[1] = 'C:/Program Files/Unity/Hub/Editor/2021.3.6f1/Editor/Data/MonoBleedingEdge/lib/mono/unityjit-win32'
Mono config path = 'C:/Program Files/Unity/Hub/Editor/2021.3.6f1/Editor/Data/MonoBleedingEdge/etc'
Using monoOptions --debugger-agent=transport=dt_socket,embedding=1,server=y,suspend=n,address=127.0.0.1:56040
Begin MonoManager ReloadAssembly
Registering precompiled unity dll's ...
Register platform support module: C:/Program Files/Unity/Hub/Editor/2021.3.6f1/Editor/Data/PlaybackEngines/WindowsStandaloneSupport/UnityEditor.WindowsStandalone.Extensions.dll
Registered in 0.016596 seconds.
Native extension for WindowsStandalone target not found
Refreshing native plugins compatible for Editor in 47.15 ms, found 3 plugins.
Preloading 0 native plugins for Editor in 0.00 ms.
Mono: successfully reloaded assembly
- Completed reload, in  0.764 seconds
Domain Reload Profiling:
	ReloadAssembly (764ms)
		BeginReloadAssembly (133ms)
			ExecutionOrderSort (0ms)
			DisableScriptedObjects (0ms)
			BackupInstance (0ms)
			ReleaseScriptingObjects (0ms)
			CreateAndSetChildDomain (1ms)
		EndReloadAssembly (465ms)
			LoadAssemblies (127ms)
			RebuildTransferFunctionScriptingTraits (0ms)
			SetupTypeCache (126ms)
			ReleaseScriptCaches (0ms)
			RebuildScriptCaches (33ms)
			SetupLoadedEditorAssemblies (244ms)
				LogAssemblyErrors (0ms)
				InitializePlatformSupportModulesInManaged (12ms)
				SetLoadedEditorAssemblies (0ms)
				RefreshPlugins (47ms)
				BeforeProcessingInitializeOnLoad (1ms)
				ProcessInitializeOnLoadAttributes (126ms)
				ProcessInitializeOnLoadMethodAttributes (57ms)
				AfterProcessingInitializeOnLoad (0ms)
				EditorAssembliesLoaded (0ms)
			ExecutionOrderSort2 (0ms)
			AwakeInstancesAfterBackupRestoration (0ms)
Platform modules already initialized, skipping
Registering precompiled user dll's ...
Registered in 0.007314 seconds.
Begin MonoManager ReloadAssembly
Native extension for WindowsStandalone target not found
Refreshing native plugins compatible for Editor in 47.41 ms, found 3 plugins.
Preloading 0 native plugins for Editor in 0.00 ms.
Mono: successfully reloaded assembly
- Completed reload, in  1.256 seconds
Domain Reload Profiling:
	ReloadAssembly (1257ms)
		BeginReloadAssembly (180ms)
			ExecutionOrderSort (0ms)
			DisableScriptedObjects (6ms)
			BackupInstance (0ms)
			ReleaseScriptingObjects (0ms)
			CreateAndSetChildDomain (25ms)
		EndReloadAssembly (918ms)
			LoadAssemblies (153ms)
			RebuildTransferFunctionScriptingTraits (0ms)
			SetupTypeCache (222ms)
			ReleaseScriptCaches (1ms)
			RebuildScriptCaches (54ms)
			SetupLoadedEditorAssemblies (475ms)
				LogAssemblyErrors (0ms)
				InitializePlatformSupportModulesInManaged (6ms)
				SetLoadedEditorAssemblies (0ms)
				RefreshPlugins (48ms)
				BeforeProcessingInitializeOnLoad (92ms)
				ProcessInitializeOnLoadAttributes (251ms)
				ProcessInitializeOnLoadMethodAttributes (57ms)
				AfterProcessingInitializeOnLoad (21ms)
				EditorAssembliesLoaded (0ms)
			ExecutionOrderSort2 (0ms)
			AwakeInstancesAfterBackupRestoration (14ms)
Platform modules already initialized, skipping
========================================================================
Worker process is ready to serve import requests
Launched and connected shader compiler UnityShaderCompiler.exe after 0.06 seconds
Refreshing native plugins compatible for Editor in 0.99 ms, found 3 plugins.
Preloading 0 native plugins for Editor in 0.00 ms.
Unloading 2473 Unused Serialized files (Serialized files now loaded: 0)
Unloading 33 unused Assets / (55.8 KB). Loaded Objects now: 2935.
Memory consumption went from 109.5 MB to 109.4 MB.
Total: 3.360400 ms (FindLiveObjects: 0.260300 ms CreateObjectMapping: 0.074500 ms MarkObjects: 2.926400 ms  DeleteObjects: 0.098100 ms)

AssetImportParameters requested are different than current active one (requested -> active):
  custom:video-decoder-ogg-theora: a1e56fd34408186e4bbccfd4996cb3dc -> 
  custom:container-muxer-webm: aa71ff27fc2769a1b78a27578f13a17b -> 
  custom:container-demuxer-webm: 4f35f7cbe854078d1ac9338744f61a02 -> 
  custom:video-encoder-webm-vp8: eb34c28f22e8b96e1ab97ce403110664 -> 
  custom:audio-encoder-webm-vorbis: bf7c407c2cedff20999df2af8eb42d56 -> 
  custom:framework-win-MediaFoundation: 216162199b28c13a410421893ffa2e32 -> 
  custom:container-demuxer-ogg: 62fdf1f143b41e24485cea50d1cbac27 -> 
  custom:video-decoder-webm-vp8: 9c59270c3fd7afecdb556c50c9e8de78 -> 
  custom:audio-decoder-ogg-vorbis: bf7c407c2cedff20999df2af8eb42d56 -> 
========================================================================
Received Import Request.
  Time since last request: 1889087.118013 seconds.
  path: Assets/TestScene.unity
  artifactKey: Guid(9cb226772aeef034da9c1e669e9c3109) Importer(815301076,1909f56bfc062723c751e8b465ee728b)
Start importing Assets/TestScene.unity using Guid(9cb226772aeef034da9c1e669e9c3109) Importer(815301076,1909f56bfc062723c751e8b465ee728b)  -> (artifact id: '7627643240c4bf77c4b9829f4fc75974') in 0.011480 seconds 
========================================================================
Received Import Request.
  Time since last request: 2.163308 seconds.
  path: Assets/Scenes
  artifactKey: Guid(131a6b21c8605f84396be9f6751fb6e3) Importer(815301076,1909f56bfc062723c751e8b465ee728b)
Start importing Assets/Scenes using Guid(131a6b21c8605f84396be9f6751fb6e3) Importer(815301076,1909f56bfc062723c751e8b465ee728b)  -> (artifact id: '4935f35005d3ccd51bf39964504ff1b7') in 0.007093 seconds 
========================================================================
Received Import Request.
  Time since last request: 1.154297 seconds.
  path: Assets/Scenes/SampleScene.unity
  artifactKey: Guid(2cda990e2423bbf4892e6590ba056729) Importer(815301076,1909f56bfc062723c751e8b465ee728b)
Start importing Assets/Scenes/SampleScene.unity using Guid(2cda990e2423bbf4892e6590ba056729) Importer(815301076,1909f56bfc062723c751e8b465ee728b)  -> (artifact id: 'ed1ec584b86adc936d786dcf072fa9c6') in 0.006651 seconds 
========================================================================
Received Import Request.
  Time since last request: 6.114575 seconds.
  path: Assets/Chapter3/needle.png
  artifactKey: Guid(eba59c8b4d1bb0e4e9df7ed75630a2f3) Importer(815301076,1909f56bfc062723c751e8b465ee728b)
Start importing Assets/Chapter3/needle.png using Guid(eba59c8b4d1bb0e4e9df7ed75630a2f3) Importer(815301076,1909f56bfc062723c751e8b465ee728b)  -> (artifact id: '7fe279f0f3e64c49e3479c65b8b5edbc') in 0.219344 seconds 
========================================================================
Received Import Request.
  Time since last request: 0.246381 seconds.
  path: Assets/Chapter4/car.png
  artifactKey: Guid(006599f5c605901458e5e3fbeec50c53) Importer(815301076,1909f56bfc062723c751e8b465ee728b)
Start importing Assets/Chapter4/car.png using Guid(006599f5c605901458e5e3fbeec50c53) Importer(815301076,1909f56bfc062723c751e8b465ee728b)  -> (artifact id: 'df13bff076f56c5fcc286d0605f5f9df') in 0.030605 seconds 
========================================================================
Received Import Request.
  Time since last request: 0.000165 seconds.
  path: Assets/Chapter4/flag.png
  artifactKey: Guid(c49419473d3cc014a9e7828e4f2175c4) Importer(815301076,1909f56bfc062723c751e8b465ee728b)
Start importing Assets/Chapter4/flag.png using Guid(c49419473d3cc014a9e7828e4f2175c4) Importer(815301076,1909f56bfc062723c751e8b465ee728b)  -> (artifact id: 'b2ac7476463ce894483da575e0f997ae') in 0.044728 seconds 
========================================================================
Received Import Request.
  Time since last request: 0.000027 seconds.
  path: Assets/Chapter4/ground.png
  artifactKey: Guid(5f0b4b6bedc97eb41b04505f5446e489) Importer(815301076,1909f56bfc062723c751e8b465ee728b)
Start importing Assets/Chapter4/ground.png using Guid(5f0b4b6bedc97eb41b04505f5446e489) Importer(815301076,1909f56bfc062723c751e8b465ee728b)  -> (artifact id: '35daba53a9af1743c7744fccea2f6da8') in 0.035366 seconds 
========================================================================
Received Import Request.
  Time since last request: 1.649859 seconds.
  path: Assets/C#Scripting/UnityScript.cs
  artifactKey: Guid(2dcd8315fa0368a40b01b75bbcb0b455) Importer(815301076,1909f56bfc062723c751e8b465ee728b)
Start importing Assets/C#Scripting/UnityScript.cs using Guid(2dcd8315fa0368a40b01b75bbcb0b455) Importer(815301076,1909f56bfc062723c751e8b465ee728b)  -> (artifact id: 'ddf44c72a0a469c2478dab7f4b2c9d35') in 0.045289 seconds 
========================================================================
Received Import Request.
  Time since last request: 22.125054 seconds.
  path: Assets/Chapter4/Car.unity
  artifactKey: Guid(d744e0380e16bf44a92feba05fb33317) Importer(815301076,1909f56bfc062723c751e8b465ee728b)
Start importing Assets/Chapter4/Car.unity using Guid(d744e0380e16bf44a92feba05fb33317) Importer(815301076,1909f56bfc062723c751e8b465ee728b)  -> (artifact id: '3770f24fe077afee6810b33d1f351f26') in 0.006914 seconds 
========================================================================
Received Prepare
Registering precompiled user dll's ...
Registered in 0.007459 seconds.
Begin MonoManager ReloadAssembly
Native extension for WindowsStandalone target not found
Refreshing native plugins compatible for Editor in 0.66 ms, found 3 plugins.
Preloading 0 native plugins for Editor in 0.00 ms.
Mono: successfully reloaded assembly
- Completed reload, in  1.163 seconds
Domain Reload Profiling:
	ReloadAssembly (1163ms)
		BeginReloadAssembly (175ms)
			ExecutionOrderSort (0ms)
			DisableScriptedObjects (7ms)
			BackupInstance (0ms)
			ReleaseScriptingObjects (0ms)
			CreateAndSetChildDomain (37ms)
		EndReloadAssembly (847ms)
			LoadAssemblies (142ms)
			RebuildTransferFunctionScriptingTraits (0ms)
			SetupTypeCache (216ms)
			ReleaseScriptCaches (1ms)
			RebuildScriptCaches (47ms)
			SetupLoadedEditorAssemblies (410ms)
				LogAssemblyErrors (0ms)
				InitializePlatformSupportModulesInManaged (22ms)
				SetLoadedEditorAssemblies (1ms)
				RefreshPlugins (1ms)
				BeforeProcessingInitializeOnLoad (87ms)
				ProcessInitializeOnLoadAttributes (230ms)
				ProcessInitializeOnLoadMethodAttributes (46ms)
				AfterProcessingInitializeOnLoad (23ms)
				EditorAssembliesLoaded (0ms)
			ExecutionOrderSort2 (0ms)
			AwakeInstancesAfterBackupRestoration (19ms)
Platform modules already initialized, skipping
Refreshing native plugins compatible for Editor in 2.81 ms, found 3 plugins.
Preloading 0 native plugins for Editor in 0.00 ms.
Unloading 2462 Unused Serialized files (Serialized files now loaded: 0)
Unloading 20 unused Assets / (24.6 KB). Loaded Objects now: 2951.
Memory consumption went from 112.6 MB to 112.6 MB.
Total: 2.962400 ms (FindLiveObjects: 0.209700 ms CreateObjectMapping: 0.061000 ms MarkObjects: 2.661600 ms  DeleteObjects: 0.029200 ms)

AssetImportParameters requested are different than current active one (requested -> active):
  custom:video-decoder-ogg-theora: a1e56fd34408186e4bbccfd4996cb3dc -> 
  custom:container-muxer-webm: aa71ff27fc2769a1b78a27578f13a17b -> 
  custom:container-demuxer-webm: 4f35f7cbe854078d1ac9338744f61a02 -> 
  custom:video-encoder-webm-vp8: eb34c28f22e8b96e1ab97ce403110664 -> 
  custom:audio-encoder-webm-vorbis: bf7c407c2cedff20999df2af8eb42d56 -> 
  custom:framework-win-MediaFoundation: 216162199b28c13a410421893ffa2e32 -> 
  custom:container-demuxer-ogg: 62fdf1f143b41e24485cea50d1cbac27 -> 
  custom:video-decoder-webm-vp8: 9c59270c3fd7afecdb556c50c9e8de78 -> 
  custom:audio-decoder-ogg-vorbis: bf7c407c2cedff20999df2af8eb42d56 -> 
========================================================================
Received Import Request.
  Time since last request: 382.562257 seconds.
  path: Assets/Chapter3/Roulette.unity
  artifactKey: Guid(7d2b662b3b5c1a44f9a2a7ef07c26c2a) Importer(815301076,1909f56bfc062723c751e8b465ee728b)
Start importing Assets/Chapter3/Roulette.unity using Guid(7d2b662b3b5c1a44f9a2a7ef07c26c2a) Importer(815301076,1909f56bfc062723c751e8b465ee728b)  -> (artifact id: 'f71953d7cf2acedd3a7c53808b6caa5d') in 0.012036 seconds 
========================================================================
Received Import Request.
  Time since last request: 53.460594 seconds.
  path: Assets/Chapter3/RouletteController.cs
  artifactKey: Guid(e8509a5b5dc713f43b15cc6014cee24c) Importer(815301076,1909f56bfc062723c751e8b465ee728b)
Start importing Assets/Chapter3/RouletteController.cs using Guid(e8509a5b5dc713f43b15cc6014cee24c) Importer(815301076,1909f56bfc062723c751e8b465ee728b)  -> (artifact id: 'facf74c3a5028b74d7ffbffbcd03c1ef') in 0.006212 seconds 
========================================================================
Received Import Request.
  Time since last request: 1379.283318 seconds.
  path: Assets/Chapter4/CarController.cs
  artifactKey: Guid(01e28f7270c4d0d4d925c220fbcd0e28) Importer(815301076,1909f56bfc062723c751e8b465ee728b)
Start importing Assets/Chapter4/CarController.cs using Guid(01e28f7270c4d0d4d925c220fbcd0e28) Importer(815301076,1909f56bfc062723c751e8b465ee728b)  -> (artifact id: '8d7a39d2559460cc40aa03d2ded2f84d') in 0.006669 seconds 
========================================================================
Received Import Request.
  Time since last request: 0.525016 seconds.
  path: Assets/Chapter4/GameDirector.cs
  artifactKey: Guid(441a431f7c6fb66488652900cabbc37d) Importer(815301076,1909f56bfc062723c751e8b465ee728b)
Start importing Assets/Chapter4/GameDirector.cs using Guid(441a431f7c6fb66488652900cabbc37d) Importer(815301076,1909f56bfc062723c751e8b465ee728b)  -> (artifact id: 'c9d5d70ced86ed98140e962ed74bf132') in 0.007643 seconds 
