Using pre-set license
Built from '2020.3/staging' branch; Version is '2020.3.37f1 (8c66806a0c04) revision 9201280'; Using compiler version '192528614'; Build Type 'Release'
OS: 'Windows 10  (10.0.19044) 64bit Professional' Language: 'ko' Physical Memory: 8131 MB
BatchMode: 1, IsHumanControllingUs: 0, StartBugReporterOnCrash: 0, Is64bit: 1, IsPro: 0

COMMAND LINE ARGUMENTS:
C:\Program Files\Unity\Hub\Editor\2020.3.37f1\Editor\Unity.exe
-adb2
-batchMode
-noUpm
-name
AssetImportWorker0
-projectPath
C:/Users/admin/Desktop/unityclass/My project
-logFile
Logs/AssetImportWorker0.log
-srvPort
62405
Successfully changed project path to: C:/Users/admin/Desktop/unityclass/My project
C:/Users/admin/Desktop/unityclass/My project
Using Asset Import Pipeline V2.
Refreshing native plugins compatible for Editor in 143.37 ms, found 3 plugins.
Preloading 0 native plugins for Editor in 0.00 ms.
Initialize engine version: 2020.3.37f1 (8c66806a0c04)
[Subsystems] Discovering subsystems at path C:/Program Files/Unity/Hub/Editor/2020.3.37f1/Editor/Data/Resources/UnitySubsystems
[Subsystems] Discovering subsystems at path C:/Users/admin/Desktop/unityclass/My project/Assets
GfxDevice: creating device client; threaded=0
Direct3D:
    Version:  Direct3D 11.0 [level 11.0]
    Renderer: NVIDIA GeForce GTX 660 (ID=0x11c0)
    Vendor:   
    VRAM:     1998 MB
    Driver:   27.21.14.5671
Initialize mono
Mono path[0] = 'C:/Program Files/Unity/Hub/Editor/2020.3.37f1/Editor/Data/Managed'
Mono path[1] = 'C:/Program Files/Unity/Hub/Editor/2020.3.37f1/Editor/Data/MonoBleedingEdge/lib/mono/unityjit'
Mono config path = 'C:/Program Files/Unity/Hub/Editor/2020.3.37f1/Editor/Data/MonoBleedingEdge/etc'
Using monoOptions --debugger-agent=transport=dt_socket,embedding=1,server=y,suspend=n,address=127.0.0.1:56896
Begin MonoManager ReloadAssembly
Registering precompiled unity dll's ...
Register platform support module: C:/Program Files/Unity/Hub/Editor/2020.3.37f1/Editor/Data/PlaybackEngines/WindowsStandaloneSupport/UnityEditor.WindowsStandalone.Extensions.dll
Registered in 0.001166 seconds.
Native extension for WindowsStandalone target not found
Refreshing native plugins compatible for Editor in 128.99 ms, found 3 plugins.
Preloading 0 native plugins for Editor in 0.00 ms.
Mono: successfully reloaded assembly
- Completed reload, in  0.740 seconds
Domain Reload Profiling:
	ReloadAssembly (741ms)
		BeginReloadAssembly (61ms)
			ExecutionOrderSort (0ms)
			DisableScriptedObjects (0ms)
			BackupInstance (0ms)
			ReleaseScriptingObjects (0ms)
			CreateAndSetChildDomain (1ms)
		EndReloadAssembly (607ms)
			LoadAssemblies (61ms)
			RebuildTransferFunctionScriptingTraits (0ms)
			SetupTypeCache (178ms)
			ReleaseScriptCaches (0ms)
			RebuildScriptCaches (32ms)
			SetupLoadedEditorAssemblies (282ms)
				LogAssemblyErrors (0ms)
				InitializePlatformSupportModulesInManaged (5ms)
				SetLoadedEditorAssemblies (0ms)
				RefreshPlugins (129ms)
				BeforeProcessingInitializeOnLoad (9ms)
				ProcessInitializeOnLoadAttributes (98ms)
				ProcessInitializeOnLoadMethodAttributes (41ms)
				AfterProcessingInitializeOnLoad (0ms)
				EditorAssembliesLoaded (1ms)
			ExecutionOrderSort2 (0ms)
			AwakeInstancesAfterBackupRestoration (0ms)
Platform modules already initialized, skipping
Registering precompiled user dll's ...
Registered in 0.004694 seconds.
Begin MonoManager ReloadAssembly
Symbol file LoadedFromMemory doesn't match image C:\Users\admin\Desktop\unityclass\My project\Library\PackageCache\com.unity.visualscripting@1.7.8\Editor\VisualScripting.Core\Dependencies\DotNetZip\Unity.VisualScripting.IonicZip.dll
Symbol file LoadedFromMemory doesn't match image C:\Users\admin\Desktop\unityclass\My project\Library\PackageCache\com.unity.visualscripting@1.7.8\Editor\VisualScripting.Core\Dependencies\YamlDotNet\Unity.VisualScripting.YamlDotNet.dll
Native extension for WindowsStandalone target not found
Refreshing native plugins compatible for Editor in 1.31 ms, found 3 plugins.
Preloading 0 native plugins for Editor in 0.00 ms.
Mono: successfully reloaded assembly
- Completed reload, in  1.455 seconds
Domain Reload Profiling:
	ReloadAssembly (1456ms)
		BeginReloadAssembly (177ms)
			ExecutionOrderSort (0ms)
			DisableScriptedObjects (7ms)
			BackupInstance (0ms)
			ReleaseScriptingObjects (0ms)
			CreateAndSetChildDomain (22ms)
		EndReloadAssembly (1207ms)
			LoadAssemblies (114ms)
			RebuildTransferFunctionScriptingTraits (0ms)
			SetupTypeCache (418ms)
			ReleaseScriptCaches (1ms)
			RebuildScriptCaches (61ms)
			SetupLoadedEditorAssemblies (526ms)
				LogAssemblyErrors (0ms)
				InitializePlatformSupportModulesInManaged (5ms)
				SetLoadedEditorAssemblies (1ms)
				RefreshPlugins (1ms)
				BeforeProcessingInitializeOnLoad (107ms)
				ProcessInitializeOnLoadAttributes (331ms)
				ProcessInitializeOnLoadMethodAttributes (79ms)
				AfterProcessingInitializeOnLoad (3ms)
				EditorAssembliesLoaded (0ms)
			ExecutionOrderSort2 (0ms)
			AwakeInstancesAfterBackupRestoration (2ms)
Platform modules already initialized, skipping
========================================================================
Worker process is ready to serve import requests
Launched and connected shader compiler UnityShaderCompiler.exe after 0.04 seconds
Refreshing native plugins compatible for Editor in 1.15 ms, found 3 plugins.
Preloading 0 native plugins for Editor in 0.00 ms.
Unloading 4378 Unused Serialized files (Serialized files now loaded: 0)
System memory in use before: 148.8 MB.
System memory in use after: 149.0 MB.

Unloading 60 unused Assets to reduce memory usage. Loaded Objects now: 4784.
Total: 7.292500 ms (FindLiveObjects: 0.438200 ms CreateObjectMapping: 0.207900 ms MarkObjects: 6.523400 ms  DeleteObjects: 0.122100 ms)

AssetImportParameters requested are different than current active one (requested -> active):
  custom:framework-win-MediaFoundation: 216162199b28c13a410421893ffa2e32 -> 
  custom:video-decoder-ogg-theora: a1e56fd34408186e4bbccfd4996cb3dc -> 
  custom:container-muxer-webm: aa71ff27fc2769a1b78a27578f13a17b -> 
  custom:container-demuxer-webm: 4f35f7cbe854078d1ac9338744f61a02 -> 
  custom:container-demuxer-ogg: 62fdf1f143b41e24485cea50d1cbac27 -> 
  custom:video-encoder-webm-vp8: eb34c28f22e8b96e1ab97ce403110664 -> 
  custom:video-decoder-webm-vp8: 9c59270c3fd7afecdb556c50c9e8de78 -> 
  custom:audio-decoder-ogg-vorbis: bf7c407c2cedff20999df2af8eb42d56 -> 
  custom:audio-encoder-webm-vorbis: bf7c407c2cedff20999df2af8eb42d56 -> 
========================================================================
Received Import Request.
  path: Assets/Scenes/test1.unity
  artifactKey: Guid(ce08b361f03405745b3c510ed89a2b8b) Importer(815301076,1909f56bfc062723c751e8b465ee728b)
Start importing Assets/Scenes/test1.unity using Guid(ce08b361f03405745b3c510ed89a2b8b) Importer(815301076,1909f56bfc062723c751e8b465ee728b)  -> (artifact id: 'b2e3bc036fab1c4c9f484b9fd71e1b18') in 0.006685 seconds 
========================================================================
Received Import Request.
  Time since last request: 15.609725 seconds.
  path: Assets/Scripts/testScript.cs
  artifactKey: Guid(079416bafd283d843807dd60a538a30d) Importer(815301076,1909f56bfc062723c751e8b465ee728b)
Start importing Assets/Scripts/testScript.cs using Guid(079416bafd283d843807dd60a538a30d) Importer(815301076,1909f56bfc062723c751e8b465ee728b)  -> (artifact id: 'cc77b1fe90f138ddb36e29fbc49b8451') in 0.023824 seconds 
========================================================================
Received Import Request.
  Time since last request: 26.248197 seconds.
  path: Assets/Scripts
  artifactKey: Guid(73f0a14f47cc56140a81a93b48cb56bb) Importer(815301076,1909f56bfc062723c751e8b465ee728b)
Start importing Assets/Scripts using Guid(73f0a14f47cc56140a81a93b48cb56bb) Importer(815301076,1909f56bfc062723c751e8b465ee728b)  -> (artifact id: '9b4e478a98ee877120703ce2ca6954bc') in 0.002612 seconds 
========================================================================
Received Import Request.
  Time since last request: 81.790254 seconds.
  path: Assets/Scripts/Sounds
  artifactKey: Guid(a3ffa528a7147d64094485757d1eb5c9) Importer(815301076,1909f56bfc062723c751e8b465ee728b)
Start importing Assets/Scripts/Sounds using Guid(a3ffa528a7147d64094485757d1eb5c9) Importer(815301076,1909f56bfc062723c751e8b465ee728b)  -> (artifact id: 'ce802338b5e2bbc1daac9a03ddd8ce34') in 0.002158 seconds 
========================================================================
Received Import Request.
  Time since last request: 2.250821 seconds.
  path: Assets/Prefabs/Explosion.prefab
  artifactKey: Guid(fb0599b183d2df245a26655842165149) Importer(815301076,1909f56bfc062723c751e8b465ee728b)
Start importing Assets/Prefabs/Explosion.prefab using Guid(fb0599b183d2df245a26655842165149) Importer(815301076,1909f56bfc062723c751e8b465ee728b)  -> (artifact id: '1ecc55f47439e9fdc30abe4d7d742adb') in 0.143318 seconds 
========================================================================
Received Import Request.
  Time since last request: 0.000220 seconds.
  path: Assets/Prefabs/StraightLine.prefab
  artifactKey: Guid(6544c21b25704ab4e9c8cd6a6d503dad) Importer(815301076,1909f56bfc062723c751e8b465ee728b)
Start importing Assets/Prefabs/StraightLine.prefab using Guid(6544c21b25704ab4e9c8cd6a6d503dad) Importer(815301076,1909f56bfc062723c751e8b465ee728b)  -> (artifact id: '989a7b6ab3c5d773c60090007911e338') in 0.261129 seconds 
========================================================================
Received Import Request.
  Time since last request: 0.000237 seconds.
  path: Assets/Prefabs/MusicPlayer.prefab
  artifactKey: Guid(fc9855a6b2a67364ebc0db28e7bbc98b) Importer(815301076,1909f56bfc062723c751e8b465ee728b)
Start importing Assets/Prefabs/MusicPlayer.prefab using Guid(fc9855a6b2a67364ebc0db28e7bbc98b) Importer(815301076,1909f56bfc062723c751e8b465ee728b)  -> (artifact id: 'c79962bca68a3d748b63f4e17912c22c') in 0.006991 seconds 
========================================================================
Received Import Request.
  Time since last request: 0.001052 seconds.
  path: Assets/Prefabs/Sky.prefab
  artifactKey: Guid(43ff9f8159bf02740a9e4ee28d2f85fb) Importer(815301076,1909f56bfc062723c751e8b465ee728b)
Start importing Assets/Prefabs/Sky.prefab using Guid(43ff9f8159bf02740a9e4ee28d2f85fb) Importer(815301076,1909f56bfc062723c751e8b465ee728b)  -> (artifact id: 'a2c2e1825a948bd4b6045a6eddd55a6e') in 0.006403 seconds 
========================================================================
Received Import Request.
  Time since last request: 0.000295 seconds.
  path: Assets/Prefabs/PremiumCollectible.prefab
  artifactKey: Guid(ac3c86c2382618643bfda6ab3cc81a0b) Importer(815301076,1909f56bfc062723c751e8b465ee728b)
Start importing Assets/Prefabs/PremiumCollectible.prefab using Guid(ac3c86c2382618643bfda6ab3cc81a0b) Importer(815301076,1909f56bfc062723c751e8b465ee728b)  -> (artifact id: 'aeba8c1cfc0b879d31cfc01bcf05942d') in 0.017620 seconds 
========================================================================
Received Import Request.
  Time since last request: 0.000188 seconds.
  path: Assets/Prefabs/Pickup.prefab
  artifactKey: Guid(16cac8b68c4ca6448baecd0680e025f6) Importer(815301076,1909f56bfc062723c751e8b465ee728b)
Start importing Assets/Prefabs/Pickup.prefab using Guid(16cac8b68c4ca6448baecd0680e025f6) Importer(815301076,1909f56bfc062723c751e8b465ee728b)  -> (artifact id: '57545ec88a6c2451370364fd89e4c3db') in 0.013552 seconds 
========================================================================
Received Import Request.
  Time since last request: 0.000252 seconds.
  path: Assets/Prefabs/IconConsumable.prefab
  artifactKey: Guid(0c5f0793b82536342bd64bc3e3fdee8a) Importer(815301076,1909f56bfc062723c751e8b465ee728b)
Start importing Assets/Prefabs/IconConsumable.prefab using Guid(0c5f0793b82536342bd64bc3e3fdee8a) Importer(815301076,1909f56bfc062723c751e8b465ee728b)  -> (artifact id: 'b6ad4ca832155c71bd26c4a5f700c57f') in 0.022492 seconds 
========================================================================
Received Import Request.
  Time since last request: 14.156666 seconds.
  path: Assets/Scenes/Start.unity
  artifactKey: Guid(66b8e0d49d006dd4cb32d8b0fa444728) Importer(815301076,1909f56bfc062723c751e8b465ee728b)
Start importing Assets/Scenes/Start.unity using Guid(66b8e0d49d006dd4cb32d8b0fa444728) Importer(815301076,1909f56bfc062723c751e8b465ee728b)  -> (artifact id: '4902efdf5281b04c8c56a0c86138d2cb') in 0.002100 seconds 
========================================================================
Received Import Request.
  Time since last request: 6.508702 seconds.
  path: Assets/Scripts/Coin.cs
  artifactKey: Guid(6b1d85a2c7e28e1459060064df24f9b7) Importer(815301076,1909f56bfc062723c751e8b465ee728b)
Start importing Assets/Scripts/Coin.cs using Guid(6b1d85a2c7e28e1459060064df24f9b7) Importer(815301076,1909f56bfc062723c751e8b465ee728b)  -> (artifact id: '7452baf50668666709963120bd503473') in 0.002365 seconds 
========================================================================
Received Import Request.
  Time since last request: 7.180801 seconds.
  path: Assets/Scripts/CoroutineHandler.cs
  artifactKey: Guid(ab3a312ac373d7843b57ea964f17da77) Importer(815301076,1909f56bfc062723c751e8b465ee728b)
Start importing Assets/Scripts/CoroutineHandler.cs using Guid(ab3a312ac373d7843b57ea964f17da77) Importer(815301076,1909f56bfc062723c751e8b465ee728b)  -> (artifact id: 'c96499e10d1edd3ca285a0a0f0728434') in 0.002379 seconds 
========================================================================
Received Import Request.
  Time since last request: 43.205184 seconds.
  path: Assets/Scripts/Helpers.cs
  artifactKey: Guid(5e12631dcd7902440b8627d1e5443da7) Importer(815301076,1909f56bfc062723c751e8b465ee728b)
Start importing Assets/Scripts/Helpers.cs using Guid(5e12631dcd7902440b8627d1e5443da7) Importer(815301076,1909f56bfc062723c751e8b465ee728b)  -> (artifact id: '3189abe520a9f2da7727328004f6621b') in 0.002032 seconds 
========================================================================
Received Import Request.
  Time since last request: 17.245929 seconds.
  path: Assets/Scripts/LevelLoader.cs
  artifactKey: Guid(f27c0ab46fc60b54c9418f9a53ce6448) Importer(815301076,1909f56bfc062723c751e8b465ee728b)
Start importing Assets/Scripts/LevelLoader.cs using Guid(f27c0ab46fc60b54c9418f9a53ce6448) Importer(815301076,1909f56bfc062723c751e8b465ee728b)  -> (artifact id: '9afd0a164be46873c2a845aef5b1f063') in 0.001936 seconds 
========================================================================
Received Import Request.
  Time since last request: 7.091895 seconds.
  path: Assets/Scripts/OpenURL.cs
  artifactKey: Guid(99717f894ae2497458966d2b29013ccd) Importer(815301076,1909f56bfc062723c751e8b465ee728b)
Start importing Assets/Scripts/OpenURL.cs using Guid(99717f894ae2497458966d2b29013ccd) Importer(815301076,1909f56bfc062723c751e8b465ee728b)  -> (artifact id: '191ff22931ce93fc134e0ebeabba7ad5') in 0.002028 seconds 
========================================================================
Received Import Request.
  Time since last request: 7.806466 seconds.
  path: Assets/Scripts/PlayerData.cs
  artifactKey: Guid(d7e606f5827b7e344b8c317f6ced3910) Importer(815301076,1909f56bfc062723c751e8b465ee728b)
Start importing Assets/Scripts/PlayerData.cs using Guid(d7e606f5827b7e344b8c317f6ced3910) Importer(815301076,1909f56bfc062723c751e8b465ee728b)  -> (artifact id: '98e08e9e652972a8296b29a3c7f601ae') in 0.001515 seconds 
========================================================================
Received Import Request.
  Time since last request: 34.255524 seconds.
  path: Assets/Scripts/Pooler.cs
  artifactKey: Guid(0640f8940c614734da7b92290149caca) Importer(815301076,1909f56bfc062723c751e8b465ee728b)
Start importing Assets/Scripts/Pooler.cs using Guid(0640f8940c614734da7b92290149caca) Importer(815301076,1909f56bfc062723c751e8b465ee728b)  -> (artifact id: '5816586185422b500ae8a0cd82b2ee5e') in 0.001573 seconds 
========================================================================
Received Import Request.
  Time since last request: 16.964657 seconds.
  path: Assets/Scripts/WorldCurver.cs
  artifactKey: Guid(768aa4549a6e8c940b8e79343e10e88c) Importer(815301076,1909f56bfc062723c751e8b465ee728b)
Start importing Assets/Scripts/WorldCurver.cs using Guid(768aa4549a6e8c940b8e79343e10e88c) Importer(815301076,1909f56bfc062723c751e8b465ee728b)  -> (artifact id: '64da347475b96ce7fec546b592b77652') in 0.002521 seconds 
========================================================================
Received Import Request.
  Time since last request: 26.778748 seconds.
  path: Assets/Scripts/Characters
  artifactKey: Guid(2888a5d2c0d19ac4cafc489d100f1860) Importer(815301076,1909f56bfc062723c751e8b465ee728b)
Start importing Assets/Scripts/Characters using Guid(2888a5d2c0d19ac4cafc489d100f1860) Importer(815301076,1909f56bfc062723c751e8b465ee728b)  -> (artifact id: 'a0bb1c7c841cfae5bbdfbfa364de0e72') in 0.001994 seconds 
========================================================================
Received Import Request.
  Time since last request: 1.327486 seconds.
  path: Assets/Scripts/Characters/CharacterAccessories.cs
  artifactKey: Guid(2d3602e240a7c92419a5f52841329955) Importer(815301076,1909f56bfc062723c751e8b465ee728b)
Start importing Assets/Scripts/Characters/CharacterAccessories.cs using Guid(2d3602e240a7c92419a5f52841329955) Importer(815301076,1909f56bfc062723c751e8b465ee728b)  -> (artifact id: '1e0aa9e2192e876f377b5b78ebcc89d9') in 0.001854 seconds 
========================================================================
Received Import Request.
  Time since last request: 1.098799 seconds.
  path: Assets/Scripts/Characters/CharacterCollider.cs
  artifactKey: Guid(5173e35522b43b644b3cb876a71640c4) Importer(815301076,1909f56bfc062723c751e8b465ee728b)
Start importing Assets/Scripts/Characters/CharacterCollider.cs using Guid(5173e35522b43b644b3cb876a71640c4) Importer(815301076,1909f56bfc062723c751e8b465ee728b)  -> (artifact id: 'c5a6efa754dfdcf95a70c2f53a55f712') in 0.001568 seconds 
========================================================================
Received Import Request.
  Time since last request: 1.678699 seconds.
  path: Assets/Scripts/Characters/CharacterDatabase.cs
  artifactKey: Guid(4b8f80571ddc3544191bf4295c26178f) Importer(815301076,1909f56bfc062723c751e8b465ee728b)
Start importing Assets/Scripts/Characters/CharacterDatabase.cs using Guid(4b8f80571ddc3544191bf4295c26178f) Importer(815301076,1909f56bfc062723c751e8b465ee728b)  -> (artifact id: 'ee315e256f039297eb480a8e9ad5aa8b') in 0.001796 seconds 
========================================================================
Received Import Request.
  Time since last request: 0.742250 seconds.
  path: Assets/Scripts/Characters/CharacterInputController.cs
  artifactKey: Guid(ce47d421cd0db864a9139849f62dedeb) Importer(815301076,1909f56bfc062723c751e8b465ee728b)
Start importing Assets/Scripts/Characters/CharacterInputController.cs using Guid(ce47d421cd0db864a9139849f62dedeb) Importer(815301076,1909f56bfc062723c751e8b465ee728b)  -> (artifact id: 'b0f82ececa993b10eba28e9b23d70b10') in 0.001479 seconds 
========================================================================
Received Prepare
Registering precompiled user dll's ...
Registered in 0.004482 seconds.
Begin MonoManager ReloadAssembly
Symbol file LoadedFromMemory doesn't match image C:\Users\admin\Desktop\unityclass\My project\Library\PackageCache\com.unity.visualscripting@1.7.8\Editor\VisualScripting.Core\Dependencies\DotNetZip\Unity.VisualScripting.IonicZip.dll
Symbol file LoadedFromMemory doesn't match image C:\Users\admin\Desktop\unityclass\My project\Library\PackageCache\com.unity.visualscripting@1.7.8\Editor\VisualScripting.Core\Dependencies\YamlDotNet\Unity.VisualScripting.YamlDotNet.dll
Native extension for WindowsStandalone target not found
Refreshing native plugins compatible for Editor in 1.65 ms, found 3 plugins.
Preloading 0 native plugins for Editor in 0.00 ms.
Mono: successfully reloaded assembly
- Completed reload, in  1.609 seconds
Domain Reload Profiling:
	ReloadAssembly (1609ms)
		BeginReloadAssembly (139ms)
			ExecutionOrderSort (0ms)
			DisableScriptedObjects (7ms)
			BackupInstance (0ms)
			ReleaseScriptingObjects (0ms)
			CreateAndSetChildDomain (51ms)
		EndReloadAssembly (1408ms)
			LoadAssemblies (104ms)
			RebuildTransferFunctionScriptingTraits (0ms)
			SetupTypeCache (514ms)
			ReleaseScriptCaches (2ms)
			RebuildScriptCaches (53ms)
			SetupLoadedEditorAssemblies (570ms)
				LogAssemblyErrors (0ms)
				InitializePlatformSupportModulesInManaged (5ms)
				SetLoadedEditorAssemblies (0ms)
				RefreshPlugins (2ms)
				BeforeProcessingInitializeOnLoad (144ms)
				ProcessInitializeOnLoadAttributes (330ms)
				ProcessInitializeOnLoadMethodAttributes (85ms)
				AfterProcessingInitializeOnLoad (3ms)
				EditorAssembliesLoaded (0ms)
			ExecutionOrderSort2 (0ms)
			AwakeInstancesAfterBackupRestoration (28ms)
Platform modules already initialized, skipping
Refreshing native plugins compatible for Editor in 1.13 ms, found 3 plugins.
Preloading 0 native plugins for Editor in 0.00 ms.
Unloading 4314 Unused Serialized files (Serialized files now loaded: 0)
System memory in use before: 150.7 MB.
System memory in use after: 151.0 MB.

Unloading 54 unused Assets to reduce memory usage. Loaded Objects now: 4798.
Total: 8.570500 ms (FindLiveObjects: 0.550900 ms CreateObjectMapping: 0.867800 ms MarkObjects: 7.040900 ms  DeleteObjects: 0.110000 ms)

AssetImportParameters requested are different than current active one (requested -> active):
  custom:framework-win-MediaFoundation: 216162199b28c13a410421893ffa2e32 -> 
  custom:video-decoder-ogg-theora: a1e56fd34408186e4bbccfd4996cb3dc -> 
  custom:container-muxer-webm: aa71ff27fc2769a1b78a27578f13a17b -> 
  custom:container-demuxer-webm: 4f35f7cbe854078d1ac9338744f61a02 -> 
  custom:container-demuxer-ogg: 62fdf1f143b41e24485cea50d1cbac27 -> 
  custom:video-encoder-webm-vp8: eb34c28f22e8b96e1ab97ce403110664 -> 
  custom:video-decoder-webm-vp8: 9c59270c3fd7afecdb556c50c9e8de78 -> 
  custom:audio-decoder-ogg-vorbis: bf7c407c2cedff20999df2af8eb42d56 -> 
  custom:audio-encoder-webm-vorbis: bf7c407c2cedff20999df2af8eb42d56 -> 
AssetImportWorkerClient::OnTransportError - code=2 error=End of file
