Using pre-set license
Built from '2021.3/staging' branch; Version is '2021.3.6f1 (7da38d85baf6) revision 8233869'; Using compiler version '192829333'; Build Type 'Release'
OS: 'Windows 11  (10.0.22000) 64bit Professional' Language: 'ko' Physical Memory: 32175 MB
BatchMode: 1, IsHumanControllingUs: 0, StartBugReporterOnCrash: 0, Is64bit: 1, IsPro: 1

COMMAND LINE ARGUMENTS:
C:\Program Files\Unity\Hub\Editor\2021.3.6f1\Editor\Unity.exe
-adb2
-batchMode
-noUpm
-name
AssetImportWorker0
-projectPath
E:/unityclass/Class03
-logFile
Logs/AssetImportWorker0.log
-srvPort
58466
Successfully changed project path to: E:/unityclass/Class03
E:/unityclass/Class03
[UnityMemory] Configuration Parameters - Can be set up in boot.config
    "memorysetup-bucket-allocator-granularity=16"
    "memorysetup-bucket-allocator-bucket-count=8"
    "memorysetup-bucket-allocator-block-size=33554432"
    "memorysetup-bucket-allocator-block-count=8"
    "memorysetup-main-allocator-block-size=16777216"
    "memorysetup-thread-allocator-block-size=16777216"
    "memorysetup-gfx-main-allocator-block-size=16777216"
    "memorysetup-gfx-thread-allocator-block-size=16777216"
    "memorysetup-cache-allocator-block-size=4194304"
    "memorysetup-typetree-allocator-block-size=2097152"
    "memorysetup-profiler-bucket-allocator-granularity=16"
    "memorysetup-profiler-bucket-allocator-bucket-count=8"
    "memorysetup-profiler-bucket-allocator-block-size=33554432"
    "memorysetup-profiler-bucket-allocator-block-count=8"
    "memorysetup-profiler-allocator-block-size=16777216"
    "memorysetup-profiler-editor-allocator-block-size=1048576"
    "memorysetup-temp-allocator-size-main=16777216"
    "memorysetup-job-temp-allocator-block-size=2097152"
    "memorysetup-job-temp-allocator-block-size-background=1048576"
    "memorysetup-job-temp-allocator-reduction-small-platforms=262144"
    "memorysetup-temp-allocator-size-background-worker=32768"
    "memorysetup-temp-allocator-size-job-worker=262144"
    "memorysetup-temp-allocator-size-preload-manager=33554432"
    "memorysetup-temp-allocator-size-nav-mesh-worker=65536"
    "memorysetup-temp-allocator-size-audio-worker=65536"
    "memorysetup-temp-allocator-size-cloud-worker=32768"
    "memorysetup-temp-allocator-size-gi-baking-worker=262144"
    "memorysetup-temp-allocator-size-gfx=262144"
Refreshing native plugins compatible for Editor in 92.49 ms, found 4 plugins.
Preloading 0 native plugins for Editor in 0.00 ms.
Initialize engine version: 2021.3.6f1 (7da38d85baf6)
[Subsystems] Discovering subsystems at path C:/Program Files/Unity/Hub/Editor/2021.3.6f1/Editor/Data/Resources/UnitySubsystems
[Subsystems] Discovering subsystems at path E:/unityclass/Class03/Assets
GfxDevice: creating device client; threaded=0; jobified=0
Direct3D:
    Version:  Direct3D 11.0 [level 11.1]
    Renderer: NVIDIA GeForce GTX 1650 Ti (ID=0x1f95)
    Vendor:   NVIDIA
    VRAM:     3962 MB
    Driver:   30.0.15.1278
Initialize mono
Mono path[0] = 'C:/Program Files/Unity/Hub/Editor/2021.3.6f1/Editor/Data/Managed'
Mono path[1] = 'C:/Program Files/Unity/Hub/Editor/2021.3.6f1/Editor/Data/MonoBleedingEdge/lib/mono/unityjit-win32'
Mono config path = 'C:/Program Files/Unity/Hub/Editor/2021.3.6f1/Editor/Data/MonoBleedingEdge/etc'
Using monoOptions --debugger-agent=transport=dt_socket,embedding=1,server=y,suspend=n,address=127.0.0.1:56448
Begin MonoManager ReloadAssembly
Registering precompiled unity dll's ...
Register platform support module: C:/Program Files/Unity/Hub/Editor/2021.3.6f1/Editor/Data/PlaybackEngines/WindowsStandaloneSupport/UnityEditor.WindowsStandalone.Extensions.dll
Registered in 0.012543 seconds.
Native extension for WindowsStandalone target not found
Refreshing native plugins compatible for Editor in 104.72 ms, found 4 plugins.
Preloading 0 native plugins for Editor in 0.00 ms.
Mono: successfully reloaded assembly
- Completed reload, in  0.706 seconds
Domain Reload Profiling:
	ReloadAssembly (706ms)
		BeginReloadAssembly (103ms)
			ExecutionOrderSort (0ms)
			DisableScriptedObjects (0ms)
			BackupInstance (0ms)
			ReleaseScriptingObjects (0ms)
			CreateAndSetChildDomain (1ms)
		EndReloadAssembly (476ms)
			LoadAssemblies (99ms)
			RebuildTransferFunctionScriptingTraits (0ms)
			SetupTypeCache (99ms)
			ReleaseScriptCaches (0ms)
			RebuildScriptCaches (26ms)
			SetupLoadedEditorAssemblies (295ms)
				LogAssemblyErrors (0ms)
				InitializePlatformSupportModulesInManaged (10ms)
				SetLoadedEditorAssemblies (0ms)
				RefreshPlugins (105ms)
				BeforeProcessingInitializeOnLoad (1ms)
				ProcessInitializeOnLoadAttributes (127ms)
				ProcessInitializeOnLoadMethodAttributes (52ms)
				AfterProcessingInitializeOnLoad (0ms)
				EditorAssembliesLoaded (0ms)
			ExecutionOrderSort2 (0ms)
			AwakeInstancesAfterBackupRestoration (0ms)
Platform modules already initialized, skipping
Registering precompiled user dll's ...
Registered in 0.009007 seconds.
Begin MonoManager ReloadAssembly
Symbol file LoadedFromMemory doesn't match image E:\unityclass\Class03\Library\PackageCache\com.unity.visualscripting@1.7.8\Editor\VisualScripting.Core\Dependencies\YamlDotNet\Unity.VisualScripting.YamlDotNet.dll
Symbol file LoadedFromMemory doesn't match image E:\unityclass\Class03\Library\PackageCache\com.unity.visualscripting@1.7.8\Editor\VisualScripting.Core\Dependencies\DotNetZip\Unity.VisualScripting.IonicZip.dll
Native extension for WindowsStandalone target not found
Refreshing native plugins compatible for Editor in 91.01 ms, found 4 plugins.
Preloading 0 native plugins for Editor in 0.00 ms.
Mono: successfully reloaded assembly
- Completed reload, in  1.265 seconds
Domain Reload Profiling:
	ReloadAssembly (1266ms)
		BeginReloadAssembly (142ms)
			ExecutionOrderSort (0ms)
			DisableScriptedObjects (5ms)
			BackupInstance (0ms)
			ReleaseScriptingObjects (0ms)
			CreateAndSetChildDomain (20ms)
		EndReloadAssembly (990ms)
			LoadAssemblies (135ms)
			RebuildTransferFunctionScriptingTraits (0ms)
			SetupTypeCache (257ms)
			ReleaseScriptCaches (1ms)
			RebuildScriptCaches (64ms)
			SetupLoadedEditorAssemblies (504ms)
				LogAssemblyErrors (0ms)
				InitializePlatformSupportModulesInManaged (7ms)
				SetLoadedEditorAssemblies (0ms)
				RefreshPlugins (91ms)
				BeforeProcessingInitializeOnLoad (102ms)
				ProcessInitializeOnLoadAttributes (235ms)
				ProcessInitializeOnLoadMethodAttributes (50ms)
				AfterProcessingInitializeOnLoad (18ms)
				EditorAssembliesLoaded (0ms)
			ExecutionOrderSort2 (0ms)
			AwakeInstancesAfterBackupRestoration (15ms)
Platform modules already initialized, skipping
========================================================================
Worker process is ready to serve import requests
Launched and connected shader compiler UnityShaderCompiler.exe after 0.06 seconds
Refreshing native plugins compatible for Editor in 0.77 ms, found 4 plugins.
Preloading 0 native plugins for Editor in 0.00 ms.
Unloading 4063 Unused Serialized files (Serialized files now loaded: 0)
Unloading 44 unused Assets / (222.5 KB). Loaded Objects now: 4514.
Memory consumption went from 155.6 MB to 155.4 MB.
Total: 3.754400 ms (FindLiveObjects: 0.362900 ms CreateObjectMapping: 0.107300 ms MarkObjects: 3.124600 ms  DeleteObjects: 0.157600 ms)

AssetImportParameters requested are different than current active one (requested -> active):
  custom:video-decoder-ogg-theora: a1e56fd34408186e4bbccfd4996cb3dc -> 
  custom:container-muxer-webm: aa71ff27fc2769a1b78a27578f13a17b -> 
  custom:container-demuxer-webm: 4f35f7cbe854078d1ac9338744f61a02 -> 
  custom:video-encoder-webm-vp8: eb34c28f22e8b96e1ab97ce403110664 -> 
  custom:audio-encoder-webm-vorbis: bf7c407c2cedff20999df2af8eb42d56 -> 
  custom:framework-win-MediaFoundation: 216162199b28c13a410421893ffa2e32 -> 
  custom:container-demuxer-ogg: 62fdf1f143b41e24485cea50d1cbac27 -> 
  custom:video-decoder-webm-vp8: 9c59270c3fd7afecdb556c50c9e8de78 -> 
  custom:audio-decoder-ogg-vorbis: bf7c407c2cedff20999df2af8eb42d56 -> 
========================================================================
Received Import Request.
  Time since last request: 253704.289463 seconds.
  path: Assets/Prefab/arrow 1.prefab
  artifactKey: Guid(df7afc66649fd034abf6f5dff08d5a0f) Importer(815301076,1909f56bfc062723c751e8b465ee728b)
Start importing Assets/Prefab/arrow 1.prefab using Guid(df7afc66649fd034abf6f5dff08d5a0f) Importer(815301076,1909f56bfc062723c751e8b465ee728b)  -> (artifact id: 'd462b00430dfb69853143571ab87b1cf') in 0.134413 seconds 
========================================================================
Received Import Request.
  Time since last request: 0.000020 seconds.
  path: Assets/Resource/LButton.png
  artifactKey: Guid(b02cb380534abaa44a2e56ea88fc6356) Importer(815301076,1909f56bfc062723c751e8b465ee728b)
Start importing Assets/Resource/LButton.png using Guid(b02cb380534abaa44a2e56ea88fc6356) Importer(815301076,1909f56bfc062723c751e8b465ee728b)  -> (artifact id: 'cf3760b7138ff6c88c8156383d72355d') in 0.078513 seconds 
========================================================================
Received Import Request.
  Time since last request: 0.000023 seconds.
  path: Assets/Resource/player.png
  artifactKey: Guid(0baebf821b985f145af8403bc09aeec4) Importer(815301076,1909f56bfc062723c751e8b465ee728b)
Start importing Assets/Resource/player.png using Guid(0baebf821b985f145af8403bc09aeec4) Importer(815301076,1909f56bfc062723c751e8b465ee728b)  -> (artifact id: '388d9845fe40bb49fef383403729ca34') in 0.023309 seconds 
========================================================================
Received Import Request.
  Time since last request: 0.000034 seconds.
  path: Assets/Script/CameraController.cs
  artifactKey: Guid(4d40ac8e500deb044a45718498b9788d) Importer(815301076,1909f56bfc062723c751e8b465ee728b)
Start importing Assets/Script/CameraController.cs using Guid(4d40ac8e500deb044a45718498b9788d) Importer(815301076,1909f56bfc062723c751e8b465ee728b)  -> (artifact id: 'ff794de55746aa7041f9851fef4031ec') in 0.014149 seconds 
========================================================================
Received Import Request.
  Time since last request: 0.000023 seconds.
  path: Assets/Prefab/arrow.prefab
  artifactKey: Guid(597278d2f4951354b97e94435b3d458a) Importer(815301076,1909f56bfc062723c751e8b465ee728b)
Start importing Assets/Prefab/arrow.prefab using Guid(597278d2f4951354b97e94435b3d458a) Importer(815301076,1909f56bfc062723c751e8b465ee728b)  -> (artifact id: '2a874f30a7dd0e55b51c471d11dc7b6e') in 0.014972 seconds 
========================================================================
Received Import Request.
  Time since last request: 0.000020 seconds.
  path: Assets/Resource/arrow.png
  artifactKey: Guid(de734e14b74cf694a9dda8c11fa9b139) Importer(815301076,1909f56bfc062723c751e8b465ee728b)
Start importing Assets/Resource/arrow.png using Guid(de734e14b74cf694a9dda8c11fa9b139) Importer(815301076,1909f56bfc062723c751e8b465ee728b)  -> (artifact id: '0ef8ab9cf8d3bc9ab15ffbe2ca17a74a') in 0.017344 seconds 
========================================================================
Received Import Request.
  Time since last request: 0.000022 seconds.
  path: Assets/Resource/background.png
  artifactKey: Guid(37b7d4d35b2b57f4b82f20188a5f8fd5) Importer(815301076,1909f56bfc062723c751e8b465ee728b)
Start importing Assets/Resource/background.png using Guid(37b7d4d35b2b57f4b82f20188a5f8fd5) Importer(815301076,1909f56bfc062723c751e8b465ee728b)  -> (artifact id: 'b033564b18916a4d9b180a822493a052') in 0.040281 seconds 
========================================================================
Received Import Request.
  Time since last request: 0.000030 seconds.
  path: Assets/Resource/hp_gauge.png
  artifactKey: Guid(4e231e5ca4483b842b65cf00170f4e06) Importer(815301076,1909f56bfc062723c751e8b465ee728b)
Start importing Assets/Resource/hp_gauge.png using Guid(4e231e5ca4483b842b65cf00170f4e06) Importer(815301076,1909f56bfc062723c751e8b465ee728b)  -> (artifact id: '7b70ce8c238e99d25a847a2448e27fce') in 0.025607 seconds 
========================================================================
Received Import Request.
  Time since last request: 0.000025 seconds.
  path: Assets/Resource/cloud.png
  artifactKey: Guid(25018ea109e2d2d46baf667da7cb2dbe) Importer(815301076,1909f56bfc062723c751e8b465ee728b)
Start importing Assets/Resource/cloud.png using Guid(25018ea109e2d2d46baf667da7cb2dbe) Importer(815301076,1909f56bfc062723c751e8b465ee728b)  -> (artifact id: '793b020bbc32e9540242e686ea4e1a28') in 0.021138 seconds 
========================================================================
Received Import Request.
  Time since last request: 0.000036 seconds.
  path: Assets/Resource/RButton.png
  artifactKey: Guid(f03ca56f028585c418957cd86be8ce66) Importer(815301076,1909f56bfc062723c751e8b465ee728b)
Start importing Assets/Resource/RButton.png using Guid(f03ca56f028585c418957cd86be8ce66) Importer(815301076,1909f56bfc062723c751e8b465ee728b)  -> (artifact id: 'beaa62cfba788aa1a27e4e32ce68778f') in 0.023723 seconds 
========================================================================
Received Import Request.
  Time since last request: 0.000023 seconds.
  path: Assets/Resource/ground.png
  artifactKey: Guid(8644546ac9f2d924a9476e7643353926) Importer(815301076,1909f56bfc062723c751e8b465ee728b)
Start importing Assets/Resource/ground.png using Guid(8644546ac9f2d924a9476e7643353926) Importer(815301076,1909f56bfc062723c751e8b465ee728b)  -> (artifact id: '8d474ce52eb196f5e8177c6a75fbca8f') in 0.021582 seconds 
========================================================================
Received Import Request.
  Time since last request: 0.000028 seconds.
  path: Assets/Resource/cat.png
  artifactKey: Guid(7019d80f46c51d4468f272137881ea06) Importer(815301076,1909f56bfc062723c751e8b465ee728b)
Start importing Assets/Resource/cat.png using Guid(7019d80f46c51d4468f272137881ea06) Importer(815301076,1909f56bfc062723c751e8b465ee728b)  -> (artifact id: 'a3c540c6e45e4f5c540a59a449d12416') in 0.020269 seconds 
